<?xml version="1.0" encoding="UTF-8"?>
<testng-results ignored="0" total="1" passed="1" failed="0" skipped="0">
  <reporter-output>
  </reporter-output>
  <suite started-at="2023-09-12T18:15:18 IST" name="Default suite" finished-at="2023-09-12T18:15:24 IST" duration-ms="6578">
    <groups>
    </groups>
    <test started-at="2023-09-12T18:15:18 IST" name="Default test" finished-at="2023-09-12T18:15:24 IST" duration-ms="6578">
      <class name="com.selenium.test.TestDemo">
        <test-method is-config="true" signature="setUp()[pri:0, instance:com.selenium.test.TestDemo@6e6f2380]" started-at="2023-09-12T18:15:18 IST" name="setUp" finished-at="2023-09-12T18:15:24 IST" duration-ms="6538" status="PASS">
          <reporter-output>
          </reporter-output>
        </test-method> <!-- setUp -->
        <test-method signature="login()[pri:0, instance:com.selenium.test.TestDemo@6e6f2380]" started-at="2023-09-12T18:15:24 IST" name="login" finished-at="2023-09-12T18:15:24 IST" duration-ms="8" status="PASS">
          <reporter-output>
          </reporter-output>
        </test-method> <!-- login -->
      </class> <!-- com.selenium.test.TestDemo -->
    </test> <!-- Default test -->
  </suite> <!-- Default suite -->
</testng-results>
