<?xml version="1.0" encoding="UTF-8"?>
<testng-results ignored="0" total="1" passed="1" failed="0" skipped="0">
  <reporter-output>
  </reporter-output>
  <suite started-at="2023-09-14T10:59:56 IST" name="Suite" finished-at="2023-09-14T11:00:03 IST" duration-ms="6934">
    <groups>
    </groups>
    <test started-at="2023-09-14T10:59:56 IST" name="Testing" finished-at="2023-09-14T11:00:03 IST" duration-ms="6934">
      <class name="com.selenium.test.TestDemo">
        <test-method is-config="true" signature="setUp()[pri:0, instance:com.selenium.test.TestDemo@6e6f2380]" started-at="2023-09-14T10:59:56 IST" name="setUp" finished-at="2023-09-14T11:00:03 IST" duration-ms="6894" status="PASS">
          <reporter-output>
          </reporter-output>
        </test-method> <!-- setUp -->
        <test-method signature="login()[pri:0, instance:com.selenium.test.TestDemo@6e6f2380]" started-at="2023-09-14T11:00:03 IST" name="login" finished-at="2023-09-14T11:00:03 IST" duration-ms="5" status="PASS">
          <reporter-output>
          </reporter-output>
        </test-method> <!-- login -->
      </class> <!-- com.selenium.test.TestDemo -->
    </test> <!-- Testing -->
  </suite> <!-- Suite -->
</testng-results>
